#
# A fatal error has been detected by the Java Runtime Environment:
#
#  SIGBUS (0x7) at pc=0x00007f1f5ac08eed, pid=6758, tid=0x00007f1f5e289700
#
# JRE version: OpenJDK Runtime Environment (8.0_131-b11) (build 1.8.0_131-8u131-b11-0ubuntu1.16.04.2-b11)
# Java VM: OpenJDK 64-Bit Server VM (25.131-b11 mixed mode linux-amd64 compressed oops)
# Problematic frame:
# C  [libzip.so+0x4eed]
#
# Failed to write core dump. Core dumps have been disabled. To enable core dumping, try "ulimit -c unlimited" before starting Java again
#
# If you would like to submit a bug report, please visit:
#   http://bugreport.java.com/bugreport/crash.jsp
# The crash happened outside the Java Virtual Machine in native code.
# See problematic frame for where to report the bug.
#

---------------  T H R E A D  ---------------

Current thread (0x00007f1f54009800):  JavaThread "main" [_thread_in_native, id=6759, stack(0x00007f1f5e189000,0x00007f1f5e28a000)]

siginfo: si_signo: 7 (SIGBUS), si_code: 2 (BUS_ADRERR), si_addr: 0x00007f1f58050133

Registers:
RAX=0x00007f1f548f1530, RBX=0x00007f1f5467fa00, RCX=0x00007f1f58050113, RDX=0x00007f1f548f1530
RSP=0x00007f1f5e2860e0, RBP=0x00007f1f5e286150, RSI=0x00007f1f54000038, RDI=0x0000000000000003
R8 =0x00007f1f54947860, R9 =0x00007f1f5d42a020, R10=0x00007f1f548f1520, R11=0x0000000675d0fd68
R12=0x00007f1f54680578, R13=0x00007f1f5e2861df, R14=0x00007f1f548ef9f0, R15=0x00007f1f548f1530
RIP=0x00007f1f5ac08eed, EFLAGS=0x0000000000010202, CSGSFS=0x0000000000000033, ERR=0x0000000000000004
  TRAPNO=0x000000000000000e

Top of Stack: (sp=0x00007f1f5e2860e0)
0x00007f1f5e2860e0:   00007f1f5e286140 00000021009f1c00
0x00007f1f5e2860f0:   00007f1f5e286120 0000000000000020
0x00007f1f5e286100:   00007f1f540099e0 00000003d36e7038
0x00007f1f5e286110:   0000000054009800 00007f1f5cdab670
0x00007f1f5e286120:   0000000000000020 00007f1f54680570
0x00007f1f5e286130:   000000008725be16 00007f1f5e2861df
0x00007f1f5e286140:   00007f1f548ef9f0 00007f1f5467fa00
0x00007f1f5e286150:   00007f1f5e2861a0 00007f1f5ac09c84
0x00007f1f5e286160:   00007f1f5e2861c0 00000020019f1c00
0x00007f1f5e286170:   00007f1f5e2861a0 0000000000000020
0x00007f1f5e286180:   00007f1f540099e0 00000003d37017c8
0x00007f1f5e286190:   00007f1f5e286618 00007f1f5467fa00
0x00007f1f5e2861a0:   00007f1f5e286600 00007f1f5ac07bec
0x00007f1f5e2861b0:   00007f1f5e2861c0 000000015ccbca4e
0x00007f1f5e2861c0:   6f697369762f6261 72756f7365722f6e
0x00007f1f5e2861d0:   6e69616d2f736563 676e702e756e656d
0x00007f1f5e2861e0:   00000007c00dbb00 00007f1f5e286e20
0x00007f1f5e2861f0:   00007f1f41a32878 00007f1f54009800
0x00007f1f5e286200:   00007f1f41a32878 00007f1f54009800
0x00007f1f5e286210:   277b2c7d30303030 202c33323a276469
0x00007f1f5e286220:   393a276570797427 00007f1f5e286270
0x00007f1f5e286230:   00007f1f5cb50e3a 00000039202c3732
0x00007f1f5e286240:   00007f1f5e132850 00000007c00dbb20
0x00007f1f5e286250:   00007f1f5e132850 00007f1e04083840
0x00007f1f5e286260:   00007f1f41a21328 00007f1f54009800
0x00007f1f5e286270:   00007f1f5e2862a0 00007f1f5cb5106f
0x00007f1f5e286280:   00000007c00dbb20 00007f1f5e286580
0x00007f1f5e286290:   00007f1e04083840 00007f1f5e132850
0x00007f1f5e2862a0:   00007f1f5e286310 00007f1f5ccb7daf
0x00007f1f5e2862b0:   277b2c7d00000001 0000000000000000
0x00007f1f5e2862c0:   2c333a2765707974 1f1d9e9c429f1c00
0x00007f1f5e2862d0:   37333a277927202c 00000007c00dbb20 

Instructions: (pc=0x00007f1f5ac08eed)
0x00007f1f5ac08ecd:   40 30 00 00 00 00 48 c7 40 28 00 00 00 00 0f 84
0x00007f1f5ac08edd:   bf 01 00 00 49 8b 0c 24 48 2b 4b 28 48 03 4b 18
0x00007f1f5ac08eed:   0f b7 41 20 44 0f b7 69 1c 49 89 ce 44 0f b7 61
0x00007f1f5ac08efd:   1e 89 45 c0 41 8b 46 0c 48 c7 45 c8 00 00 00 00 

Register to memory mapping:

RAX=0x00007f1f548f1530 is an unknown value
RBX=0x00007f1f5467fa00 is an unknown value
RCX=0x00007f1f58050113 is an unknown value
RDX=0x00007f1f548f1530 is an unknown value
RSP=0x00007f1f5e2860e0 is pointing into the stack for thread: 0x00007f1f54009800
RBP=0x00007f1f5e286150 is pointing into the stack for thread: 0x00007f1f54009800
RSI=0x00007f1f54000038 is an unknown value
RDI=0x0000000000000003 is an unknown value
R8 =0x00007f1f54947860 is an unknown value
R9 =0x00007f1f5d42a020: <offset 0xef4020> in /usr/lib/jvm/java-8-openjdk-amd64/jre/lib/amd64/server/libjvm.so at 0x00007f1f5c536000
R10=0x00007f1f548f1520 is an unknown value
R11=0x0000000675d0fd68 is an oop
